  config.cpp
C:\lib\SFML3\include\SFML\System\Exception.hpp(41,47): warning C4275: non dll-interface class 'std::runtime_error' used as base for dll-interface class 'sf::Exception'
  (compiling source file 'config.cpp')
      C:\Program Files\Microsoft Visual Studio\2022\Community\VC\Tools\MSVC\14.44.35207\include\stdexcept(100,30):
      see declaration of 'std::runtime_error'
      C:\lib\SFML3\include\SFML\System\Exception.hpp(41,23):
      see declaration of 'sf::Exception'
  
C:\Users\Sevarkodiyon\OneDrive\Documents\game\config.cpp(51,26): warning C4244: 'initializing': conversion from 'T' to 'float', possible loss of data
C:\Users\Sevarkodiyon\OneDrive\Documents\game\config.cpp(51,26): warning C4244:         with
C:\Users\Sevarkodiyon\OneDrive\Documents\game\config.cpp(51,26): warning C4244:         [
C:\Users\Sevarkodiyon\OneDrive\Documents\game\config.cpp(51,26): warning C4244:             T=unsigned int
C:\Users\Sevarkodiyon\OneDrive\Documents\game\config.cpp(51,26): warning C4244:         ]
C:\Users\Sevarkodiyon\OneDrive\Documents\game\config.cpp(52,26): warning C4244: 'initializing': conversion from 'T' to 'float', possible loss of data
C:\Users\Sevarkodiyon\OneDrive\Documents\game\config.cpp(52,26): warning C4244:         with
C:\Users\Sevarkodiyon\OneDrive\Documents\game\config.cpp(52,26): warning C4244:         [
C:\Users\Sevarkodiyon\OneDrive\Documents\game\config.cpp(52,26): warning C4244:             T=unsigned int
C:\Users\Sevarkodiyon\OneDrive\Documents\game\config.cpp(52,26): warning C4244:         ]
  main.cpp
C:\lib\SFML3\include\SFML\System\Exception.hpp(41,47): warning C4275: non dll-interface class 'std::runtime_error' used as base for dll-interface class 'sf::Exception'
  (compiling source file 'main.cpp')
      C:\Program Files\Microsoft Visual Studio\2022\Community\VC\Tools\MSVC\14.44.35207\include\stdexcept(100,30):
      see declaration of 'std::runtime_error'
      C:\lib\SFML3\include\SFML\System\Exception.hpp(41,23):
      see declaration of 'sf::Exception'
  
  Generating Code...
  game.vcxproj -> C:\Users\Sevarkodiyon\OneDrive\Documents\game\x64\Debug\game.exe
