  config.cpp
C:\lib\SFML3\include\SFML\System\Exception.hpp(41,47): warning C4275: non dll-interface class 'std::runtime_error' used as base for dll-interface class 'sf::Exception'
  (compiling source file 'config.cpp')
      C:\Program Files\Microsoft Visual Studio\2022\Community\VC\Tools\MSVC\14.44.35207\include\stdexcept(100,30):
      see declaration of 'std::runtime_error'
      C:\lib\SFML3\include\SFML\System\Exception.hpp(41,23):
      see declaration of 'sf::Exception'
  
  main.cpp
C:\lib\SFML3\include\SFML\System\Exception.hpp(41,47): warning C4275: non dll-interface class 'std::runtime_error' used as base for dll-interface class 'sf::Exception'
  (compiling source file 'main.cpp')
      C:\Program Files\Microsoft Visual Studio\2022\Community\VC\Tools\MSVC\14.44.35207\include\stdexcept(100,30):
      see declaration of 'std::runtime_error'
      C:\lib\SFML3\include\SFML\System\Exception.hpp(41,23):
      see declaration of 'sf::Exception'
  
  Generating code
  2 of 228 functions ( 0.9%) were compiled, the rest were copied from previous compilation.
    1 functions were new in current compilation
    4 functions had inline decision re-evaluated but remain unchanged
  Finished generating code
  game.vcxproj -> C:\Users\Sevarkodiyon\OneDrive\Documents\game\x64\Release\game.exe
